-------------------------------------------------------------------------------
Test set: com.vytrack.runners.CukesRunner
-------------------------------------------------------------------------------
Tests run: 3, Failures: 2, Errors: 0, Skipped: 0, Time elapsed: 61.354 s <<< FAILURE! - in com.vytrack.runners.CukesRunner
Driver user(Account types)  Time elapsed: 24.22 s  <<< FAILURE!
java.lang.AssertionError

Store manager user(Account types)  Time elapsed: 17.573 s  <<< FAILURE!
java.lang.AssertionError

