-------------------------------------------------------------------------------
Test set: com.vytrack.runners.FailedTestRunner
-------------------------------------------------------------------------------
Tests run: 2, Failures: 1, Errors: 0, Skipped: 0, Time elapsed: 32.341 s <<< FAILURE! - in com.vytrack.runners.FailedTestRunner
Store manager user(Account types)  Time elapsed: 17.473 s  <<< FAILURE!
java.lang.AssertionError

